<?xml version="1.0" encoding="UTF-8"?>
<!-- Generated by org.testng.reporters.JUnitReportReporter -->
<testsuite hostname="DESKTOP-D3AR52B" name="restAsuured.GetRequestFirstNameTest" tests="1" failures="0" timestamp="17 Feb 2020 05:22:05 GMT" time="4.863" errors="0">
  <testcase name="getResourceTest" time="4.863" classname="restAsuured.GetRequestFirstNameTest"/>
</testsuite> <!-- restAsuured.GetRequestFirstNameTest -->
