<?xml version="1.0" encoding="UTF-8"?>
<!-- Generated by org.testng.reporters.JUnitReportReporter -->
<testsuite hostname="DESKTOP-D3AR52B" name="restAsuured.GetEmailOfResourceTest" tests="1" failures="0" timestamp="17 Feb 2020 05:39:59 GMT" time="3.960" errors="0">
  <testcase name="getResourceTest" time="3.960" classname="restAsuured.GetEmailOfResourceTest"/>
</testsuite> <!-- restAsuured.GetEmailOfResourceTest -->
