<?xml version="1.0" encoding="UTF-8"?>
<!-- Generated by org.testng.reporters.JUnitReportReporter -->
<testsuite hostname="DESKTOP-D3AR52B" name="restAsuured.CreateResourceTest" tests="1" failures="0" timestamp="17 Feb 2020 08:03:46 GMT" time="3.386" errors="0">
  <testcase name="createResourceTest" time="3.386" classname="restAsuured.CreateResourceTest"/>
</testsuite> <!-- restAsuured.CreateResourceTest -->
