<?xml version="1.0" encoding="UTF-8"?>
<!-- Generated by org.testng.reporters.JUnitReportReporter -->
<testsuite hostname="DESKTOP-D3AR52B" name="restAsuured.GetRequestTest" tests="1" failures="0" timestamp="17 Feb 2020 05:14:20 GMT" time="16.410" errors="0">
  <testcase name="getResourceTest" time="16.410" classname="restAsuured.GetRequestTest"/>
</testsuite> <!-- restAsuured.GetRequestTest -->
